<?xml version="1.0" encoding="UTF-8"?>
<!-- Generated by org.testng.reporters.JUnitReportReporter -->
<testsuite hostname="LAPTOP-2PN21ELN" failures="0" tests="1" name="norclass.Normal2" time="10.576" errors="0" timestamp="2022-04-12T20:37:07 IST" skipped="0">
  <testcase classname="norclass.Normal2" name="ama" time="10.576"/>
  <system-out/>
</testsuite> <!-- norclass.Normal2 -->
